<?xml version="1.0" encoding="UTF-8"?>
<!-- Generated by org.testng.reporters.JUnitReportReporter -->
<testsuite hostname="DESKTOP-8S455D7" failures="0" tests="6" name="com.crm.comcast.conatctTest.CreateContactTest" time="143.319" errors="0" timestamp="2021-12-04T14:39:50 IST" skipped="0">
  <testcase classname="com.crm.comcast.conatctTest.CreateContactTest" name="createContactWithLastNameTest" time="18.621"/>
  <system-out/>
  <testcase classname="com.crm.comcast.conatctTest.CreateContactTest" name="createContactWithLastNameTest" time="21.734"/>
  <system-out/>
  <testcase classname="com.crm.comcast.conatctTest.CreateContactTest" name="createContact_Support_DateTest" time="18.219"/>
  <system-out/>
  <testcase classname="com.crm.comcast.conatctTest.CreateContactTest" name="createContact_Support_DateTest" time="18.673"/>
  <system-out/>
  <testcase classname="com.crm.comcast.conatctTest.CreateContactTest" name="createConatctWithOrgTest" time="32.976"/>
  <system-out/>
  <testcase classname="com.crm.comcast.conatctTest.CreateContactTest" name="createConatctWithOrgTest" time="33.096"/>
  <system-out/>
</testsuite> <!-- com.crm.comcast.conatctTest.CreateContactTest -->
