<?xml version="1.0" encoding="UTF-8"?>
<!-- Generated by org.testng.reporters.JUnitReportReporter -->
<testsuite hostname="DESKTOP-8S455D7" failures="0" tests="1" name="com.crm.comcast.organaizationtest.CreateOrganizationTest" time="19.398" errors="0" timestamp="2021-12-02T13:17:19 IST" skipped="0">
  <testcase classname="com.crm.comcast.organaizationtest.CreateOrganizationTest" name="createOrganizationTest" time="19.398"/>
  <system-out/>
</testsuite> <!-- com.crm.comcast.organaizationtest.CreateOrganizationTest -->
